<?xml version="1.0" encoding="UTF-8"?>
<!-- Generated by org.testng.reporters.JUnitReportReporter -->
<testsuite hostname="HARSHITA" failures="0" tests="1" name="com.wordpress.TestCases.VerifyWordpressLogin" time="4.274" errors="0" timestamp="01 Sep 2018 23:52:40 GMT" skipped="0">
  <testcase classname="com.wordpress.TestCases.VerifyWordpressLogin" name="verifyValidLogin" time="4.274"/>
</testsuite> <!-- com.wordpress.TestCases.VerifyWordpressLogin -->
